#-----------------------------------------------------------
# xsim v2023.2 (64-bit)
# SW Build 4029153 on Fri Oct 13 20:14:34 MDT 2023
# IP Build 4028589 on Sat Oct 14 00:45:43 MDT 2023
# SharedData Build 4025554 on Tue Oct 10 17:18:54 MDT 2023
# Start of session at: Sat Dec 27 15:47:59 2025
# Process ID: 12712
# Current directory: C:/Users/gagan/eda-orchestrator
# Command line: xsim.exe -mode tcl -source {xsim.dir/work.alu_tb/xsim_script.tcl}
# Log file: C:/Users/gagan/eda-orchestrator/xsim.log
# Journal file: C:/Users/gagan/eda-orchestrator\xsim.jou
# Running On: somasai, OS: Windows, CPU Frequency: 2096 MHz, CPU Physical cores: 12, Host memory: 7866 MB
#-----------------------------------------------------------
source xsim.dir/work.alu_tb/xsim_script.tcl
# xsim {work.alu_tb} -autoloadwcfg -runall
Time resolution is 1 ps
run -all
$finish called at time : 271 ns : File "C:/Users/gagan/eda-orchestrator/rtl/alu16/alu_tb.v" Line 74
exit
INFO: [Common 17-206] Exiting xsim at Sat Dec 27 15:48:02 2025...
